<?xml version="1.0" encoding="UTF-8"?>
<coverage generated="1578255845">
  <project timestamp="1578255845">
    <package name="Khaydarovm\Clickhouse\Migrator">
      <file name="/Users/khaydarovm/Development/opensource/php-clickhouse-migrator/src/AbstractMigration.php">
        <class name="Khaydarovm\Clickhouse\Migrator\AbstractMigration" namespace="Khaydarovm\Clickhouse\Migrator">
          <metrics complexity="0" methods="0" coveredmethods="0" conditionals="0" coveredconditionals="0" statements="0" coveredstatements="0" elements="0" coveredelements="0"/>
        </class>
        <metrics loc="82" ncloc="-66" classes="0" methods="0" coveredmethods="0" conditionals="0" coveredconditionals="0" statements="0" coveredstatements="0" elements="0" coveredelements="0"/>
      </file>
      <file name="/Users/khaydarovm/Development/opensource/php-clickhouse-migrator/src/Revision.php">
        <class name="Khaydarovm\Clickhouse\Migrator\Revision" namespace="Khaydarovm\Clickhouse\Migrator" fullPackage="App" package="App">
          <metrics complexity="6" methods="6" coveredmethods="0" conditionals="0" coveredconditionals="0" statements="9" coveredstatements="0" elements="15" coveredelements="0"/>
        </class>
        <line num="32" type="method" name="setId" visibility="public" complexity="1" crap="2" count="0"/>
        <line num="34" type="stmt" count="0"/>
        <line num="36" type="stmt" count="0"/>
        <line num="44" type="method" name="setName" visibility="public" complexity="1" crap="2" count="0"/>
        <line num="46" type="stmt" count="0"/>
        <line num="48" type="stmt" count="0"/>
        <line num="55" type="method" name="setFilename" visibility="public" complexity="1" crap="2" count="0"/>
        <line num="57" type="stmt" count="0"/>
        <line num="59" type="stmt" count="0"/>
        <line num="65" type="method" name="getRevisionFile" visibility="public" complexity="1" crap="2" count="0"/>
        <line num="67" type="stmt" count="0"/>
        <line num="73" type="method" name="getRevisionClass" visibility="public" complexity="1" crap="2" count="0"/>
        <line num="75" type="stmt" count="0"/>
        <line num="81" type="method" name="getId" visibility="public" complexity="1" crap="2" count="0"/>
        <line num="83" type="stmt" count="0"/>
        <metrics loc="84" ncloc="48" classes="1" methods="6" coveredmethods="0" conditionals="0" coveredconditionals="0" statements="9" coveredstatements="0" elements="15" coveredelements="0"/>
      </file>
    </package>
    <package name="Khaydarovm\Clickhouse\Migrator\Config">
      <file name="/Users/khaydarovm/Development/opensource/php-clickhouse-migrator/src/Config/Config.php">
        <class name="Khaydarovm\Clickhouse\Migrator\Config\Config" namespace="Khaydarovm\Clickhouse\Migrator\Config" fullPackage="Khaydarovm" package="Khaydarovm">
          <metrics complexity="7" methods="7" coveredmethods="7" conditionals="0" coveredconditionals="0" statements="8" coveredstatements="8" elements="15" coveredelements="15"/>
        </class>
        <line num="18" type="method" name="__construct" visibility="public" complexity="1" crap="1" count="2"/>
        <line num="20" type="stmt" count="2"/>
        <line num="21" type="stmt" count="2"/>
        <line num="26" type="method" name="getDatabase" visibility="public" complexity="1" crap="1" count="1"/>
        <line num="28" type="stmt" count="1"/>
        <line num="34" type="method" name="getHost" visibility="public" complexity="1" crap="1" count="1"/>
        <line num="36" type="stmt" count="1"/>
        <line num="42" type="method" name="getPort" visibility="public" complexity="1" crap="1" count="1"/>
        <line num="44" type="stmt" count="1"/>
        <line num="50" type="method" name="getMigrationsPath" visibility="public" complexity="1" crap="1" count="1"/>
        <line num="52" type="stmt" count="1"/>
        <line num="58" type="method" name="getUsername" visibility="public" complexity="1" crap="1" count="1"/>
        <line num="60" type="stmt" count="1"/>
        <line num="66" type="method" name="getPassword" visibility="public" complexity="1" crap="1" count="1"/>
        <line num="68" type="stmt" count="1"/>
        <metrics loc="70" ncloc="44" classes="1" methods="7" coveredmethods="7" conditionals="0" coveredconditionals="0" statements="8" coveredstatements="8" elements="15" coveredelements="15"/>
      </file>
      <file name="/Users/khaydarovm/Development/opensource/php-clickhouse-migrator/src/Config/ConfigManager.php">
        <class name="Khaydarovm\Clickhouse\Migrator\Config\ConfigManager" namespace="Khaydarovm\Clickhouse\Migrator\Config" fullPackage="Khaydarovm" package="Khaydarovm">
          <metrics complexity="7" methods="4" coveredmethods="4" conditionals="0" coveredconditionals="0" statements="26" coveredstatements="26" elements="30" coveredelements="30"/>
        </class>
        <line num="30" type="method" name="__construct" visibility="public" complexity="1" crap="1" count="3"/>
        <line num="32" type="stmt" count="3"/>
        <line num="33" type="stmt" count="3"/>
        <line num="41" type="method" name="getConfig" visibility="public" complexity="4" crap="4" count="3"/>
        <line num="43" type="stmt" count="3"/>
        <line num="44" type="stmt" count="1"/>
        <line num="47" type="stmt" count="2"/>
        <line num="50" type="stmt" count="2"/>
        <line num="51" type="stmt" count="1"/>
        <line num="52" type="stmt" count="1"/>
        <line num="53" type="stmt" count="2"/>
        <line num="54" type="stmt" count="1"/>
        <line num="55" type="stmt" count="1"/>
        <line num="57" type="stmt" count="1"/>
        <line num="60" type="stmt" count="1"/>
        <line num="62" type="stmt" count="1"/>
        <line num="68" type="method" name="getConfigPath" visibility="private" complexity="1" crap="1" count="1"/>
        <line num="70" type="stmt" count="1"/>
        <line num="78" type="method" name="prepare" visibility="private" complexity="1" crap="1" count="1"/>
        <line num="80" type="stmt" count="1"/>
        <line num="81" type="stmt" count="1"/>
        <line num="82" type="stmt" count="1"/>
        <line num="85" type="stmt" count="1"/>
        <line num="86" type="stmt" count="1"/>
        <line num="87" type="stmt" count="1"/>
        <line num="88" type="stmt" count="1"/>
        <line num="89" type="stmt" count="1"/>
        <line num="90" type="stmt" count="1"/>
        <line num="91" type="stmt" count="1"/>
        <line num="92" type="stmt" count="1"/>
        <metrics loc="95" ncloc="68" classes="1" methods="4" coveredmethods="4" conditionals="0" coveredconditionals="0" statements="26" coveredstatements="26" elements="30" coveredelements="30"/>
      </file>
    </package>
    <package name="Khaydarovm\Clickhouse\Migrator\Config\Parsers">
      <file name="/Users/khaydarovm/Development/opensource/php-clickhouse-migrator/src/Config/Parsers/ConfigParser.php">
        <class name="Khaydarovm\Clickhouse\Migrator\Config\Parsers\ConfigParser" namespace="Khaydarovm\Clickhouse\Migrator\Config\Parsers" fullPackage="Khaydarovm" package="Khaydarovm">
          <metrics complexity="1" methods="0" coveredmethods="0" conditionals="0" coveredconditionals="0" statements="0" coveredstatements="0" elements="0" coveredelements="0"/>
        </class>
        <metrics loc="14" ncloc="9" classes="0" methods="0" coveredmethods="0" conditionals="0" coveredconditionals="0" statements="0" coveredstatements="0" elements="0" coveredelements="0"/>
      </file>
      <file name="/Users/khaydarovm/Development/opensource/php-clickhouse-migrator/src/Config/Parsers/PhpConfigParser.php">
        <class name="Khaydarovm\Clickhouse\Migrator\Config\Parsers\PhpConfigParser" namespace="Khaydarovm\Clickhouse\Migrator\Config\Parsers" fullPackage="Khaydarovm" package="Khaydarovm">
          <metrics complexity="1" methods="1" coveredmethods="1" conditionals="0" coveredconditionals="0" statements="1" coveredstatements="1" elements="2" coveredelements="2"/>
        </class>
        <line num="16" type="method" name="parse" visibility="public" complexity="1" crap="1" count="1"/>
        <line num="18" type="stmt" count="1"/>
        <metrics loc="20" ncloc="12" classes="1" methods="1" coveredmethods="1" conditionals="0" coveredconditionals="0" statements="1" coveredstatements="1" elements="2" coveredelements="2"/>
      </file>
      <file name="/Users/khaydarovm/Development/opensource/php-clickhouse-migrator/src/Config/Parsers/YamlConfigParser.php">
        <class name="Khaydarovm\Clickhouse\Migrator\Config\Parsers\YamlConfigParser" namespace="Khaydarovm\Clickhouse\Migrator\Config\Parsers" fullPackage="Khaydarovm" package="Khaydarovm">
          <metrics complexity="1" methods="1" coveredmethods="1" conditionals="0" coveredconditionals="0" statements="1" coveredstatements="1" elements="2" coveredelements="2"/>
        </class>
        <line num="18" type="method" name="parse" visibility="public" complexity="1" crap="1" count="1"/>
        <line num="20" type="stmt" count="1"/>
        <metrics loc="22" ncloc="14" classes="1" methods="1" coveredmethods="1" conditionals="0" coveredconditionals="0" statements="1" coveredstatements="1" elements="2" coveredelements="2"/>
      </file>
    </package>
    <package name="Khaydarovm\Clickhouse\Migrator\Exceptions">
      <file name="/Users/khaydarovm/Development/opensource/php-clickhouse-migrator/src/Exceptions/ClickhouseMigratorConfigException.php">
        <class name="Khaydarovm\Clickhouse\Migrator\Exceptions\ClickhouseMigratorConfigException" namespace="Khaydarovm\Clickhouse\Migrator\Exceptions" fullPackage="Khaydarovm" package="Khaydarovm">
          <metrics complexity="0" methods="0" coveredmethods="0" conditionals="0" coveredconditionals="0" statements="0" coveredstatements="0" elements="0" coveredelements="0"/>
        </class>
        <metrics loc="11" ncloc="7" classes="0" methods="0" coveredmethods="0" conditionals="0" coveredconditionals="0" statements="0" coveredstatements="0" elements="0" coveredelements="0"/>
      </file>
      <file name="/Users/khaydarovm/Development/opensource/php-clickhouse-migrator/src/Exceptions/ClickhouseMigratorException.php">
        <class name="Khaydarovm\Clickhouse\Migrator\Exceptions\ClickhouseMigratorException" namespace="Khaydarovm\Clickhouse\Migrator\Exceptions" fullPackage="Khaydarovm" package="Khaydarovm">
          <metrics complexity="0" methods="0" coveredmethods="0" conditionals="0" coveredconditionals="0" statements="0" coveredstatements="0" elements="0" coveredelements="0"/>
        </class>
        <metrics loc="11" ncloc="7" classes="0" methods="0" coveredmethods="0" conditionals="0" coveredconditionals="0" statements="0" coveredstatements="0" elements="0" coveredelements="0"/>
      </file>
    </package>
    <metrics files="9" loc="409" ncloc="143" classes="5" methods="19" coveredmethods="13" conditionals="0" coveredconditionals="0" statements="45" coveredstatements="36" elements="64" coveredelements="49"/>
  </project>
</coverage>
